<?xml version="1.0" encoding="UTF-8"?>
<robot generator="Robot 7.4.2 (Python 3.12.12 on win32)" generated="2026-05-29T17:47:18.962351" rpa="false" schemaversion="5">
<suite id="s1" name="Negative 1" source="C:\Users\stoka\Documents\jidelnicek\tests\acceptance\suites\negative_1.robot">
<kw name="Create API Session" owner="api_session" type="SETUP">
<kw name="Create Session" owner="RequestsLibrary">
<msg time="2026-05-29T17:47:19.992558" level="INFO">Creating Session using : alias=jidelnicek, url=http://127.0.0.1:8000, headers={},                     cookies={}, auth=None, timeout=None, proxies=None, verify=False,                     debug=0 </msg>
<arg>${API_SESSION}</arg>
<arg>${API_BASE_URL}</arg>
<doc>Create Session: create a HTTP session to a server</doc>
<status status="PASS" start="2026-05-29T17:47:19.991559" elapsed="0.000999"/>
</kw>
<doc>A persistent requests Session so httpOnly session cookies
survive across calls (login → protected call → logout).</doc>
<status status="PASS" start="2026-05-29T17:47:19.991559" elapsed="0.000999"/>
</kw>
<test id="s1-t1" name="Logged in with the wrong name" line="14">
<kw name="Login" owner="api_session">
<kw name="Create Dictionary" owner="BuiltIn">
<msg time="2026-05-29T17:47:19.993558" level="INFO">${body} = {'name': 'non-existent-name', 'password': 'any-password'}</msg>
<var>${body}</var>
<arg>name=${name}</arg>
<arg>password=${password}</arg>
<doc>Creates and returns a dictionary based on the given ``items``.</doc>
<status status="PASS" start="2026-05-29T17:47:19.992558" elapsed="0.001000"/>
</kw>
<kw name="POST On Session" owner="RequestsLibrary">
<msg time="2026-05-29T17:47:20.001602" level="INFO">POST Request : url=http://127.0.0.1:8000/auth/login 
 path_url=/auth/login 
 headers={'User-Agent': 'python-requests/2.34.2', 'Accept-Encoding': 'gzip, deflate', 'Accept': '*/*', 'Connection': 'keep-alive', 'Content-Length': '57', 'Content-Type': 'application/json'} 
 body=b'{"name": "non-existent-name", "password": "any-password"}' 
 </msg>
<msg time="2026-05-29T17:47:20.001602" level="INFO">POST Response : url=http://127.0.0.1:8000/auth/login 
 status=401, reason=Unauthorized 
 headers={'date': 'Fri, 29 May 2026 15:47:19 GMT', 'server': 'uvicorn', 'content-length': '32', 'content-type': 'application/json'} 
 body={"detail":"Invalid credentials"} 
 </msg>
<msg time="2026-05-29T17:47:20.002106" level="INFO">${response} = &lt;Response [401]&gt;</msg>
<var>${response}</var>
<arg>${API_SESSION}</arg>
<arg>/auth/login</arg>
<arg>json=${body}</arg>
<arg>expected_status=any</arg>
<doc>Sends a POST request on a previously created HTTP Session.</doc>
<status status="PASS" start="2026-05-29T17:47:19.993558" elapsed="0.008548"/>
</kw>
<return>
<value>${response}</value>
<status status="PASS" start="2026-05-29T17:47:20.002106" elapsed="0.000000"/>
</return>
<msg time="2026-05-29T17:47:20.002106" level="INFO">${response} = &lt;Response [401]&gt;</msg>
<var>${response}</var>
<arg>non-existent-name</arg>
<arg>any-password</arg>
<doc>POST /auth/login — name+password (FR-A4).</doc>
<status status="PASS" start="2026-05-29T17:47:19.992558" elapsed="0.009548"/>
</kw>
<kw name="Should Be True" owner="BuiltIn">
<arg>${response.status_code} == 401</arg>
<doc>Fails if the given condition is not true.</doc>
<status status="PASS" start="2026-05-29T17:47:20.002106" elapsed="0.001004"/>
</kw>
<variable name="${json}">
<msg time="2026-05-29T17:47:20.003110" level="INFO">${json} = {'detail': 'Invalid credentials'}</msg>
<var>${response.json()}</var>
<status status="PASS" start="2026-05-29T17:47:20.003110" elapsed="0.000000"/>
</variable>
<kw name="Dictionary Should Contain Key" owner="Collections">
<arg>${json}</arg>
<arg>detail</arg>
<doc>Fails if ``key`` is not found from ``dictionary``.</doc>
<status status="PASS" start="2026-05-29T17:47:20.004110" elapsed="0.000000"/>
</kw>
<kw name="Dictionary Should Contain Value" owner="Collections">
<arg>${json}</arg>
<arg>Invalid credentials</arg>
<doc>Fails if ``value`` is not found from ``dictionary``.</doc>
<status status="PASS" start="2026-05-29T17:47:20.004110" elapsed="0.000000"/>
</kw>
<doc>Attempt to log in with a name that doesn't exist. Expect 401.</doc>
<status status="PASS" start="2026-05-29T17:47:19.992558" elapsed="0.011552"/>
</test>
<test id="s1-t2" name="Logged without credentials" line="22">
<kw name="POST On Session" owner="RequestsLibrary">
<msg time="2026-05-29T17:47:20.008113" level="INFO">POST Request : url=http://127.0.0.1:8000/auth/login 
 path_url=/auth/login 
 headers={'User-Agent': 'python-requests/2.34.2', 'Accept-Encoding': 'gzip, deflate', 'Accept': '*/*', 'Connection': 'keep-alive', 'Content-Length': '4', 'Content-Type': 'application/json'} 
 body=b'"{}"' 
 </msg>
<msg time="2026-05-29T17:47:20.008113" level="INFO">POST Response : url=http://127.0.0.1:8000/auth/login 
 status=422, reason=Unprocessable Entity 
 headers={'date': 'Fri, 29 May 2026 15:47:19 GMT', 'server': 'uvicorn', 'content-length': '149', 'content-type': 'application/json'} 
 body={"detail":[{"type":"model_attributes_type","loc":["body"],"msg":"Input should be a valid dictionary or object to extract fields from","input":"{}"}]} 
 </msg>
<msg time="2026-05-29T17:47:20.008113" level="INFO">${response} = &lt;Response [422]&gt;</msg>
<var>${response}</var>
<arg>${API_SESSION}</arg>
<arg>/auth/login</arg>
<arg>json={}</arg>
<arg>expected_status=any</arg>
<doc>Sends a POST request on a previously created HTTP Session.</doc>
<status status="PASS" start="2026-05-29T17:47:20.005110" elapsed="0.003003"/>
</kw>
<kw name="Should Be True" owner="BuiltIn">
<arg>${response.status_code} == 422</arg>
<doc>Fails if the given condition is not true.</doc>
<status status="PASS" start="2026-05-29T17:47:20.009111" elapsed="0.000000"/>
</kw>
<variable name="${json}">
<msg time="2026-05-29T17:47:20.010110" level="INFO">${json} = {'detail': [{'type': 'model_attributes_type', 'loc': ['body'], 'msg': 'Input should be a valid dictionary or object to extract fields from', 'input': '{}'}]}</msg>
<var>${response.json()}</var>
<status status="PASS" start="2026-05-29T17:47:20.009111" elapsed="0.000999"/>
</variable>
<kw name="Should Contain" owner="BuiltIn">
<arg>${json['detail'][0]['msg']}</arg>
<arg>Input should be a valid dictionary or object to extract fields from</arg>
<doc>Fails if ``container`` does not contain ``item`` one or more times.</doc>
<status status="PASS" start="2026-05-29T17:47:20.010110" elapsed="0.001003"/>
</kw>
<kw name="Should Contain" owner="BuiltIn">
<arg>${response.text}</arg>
<arg>Input should be a valid dictionary or object to extract fields from</arg>
<doc>Fails if ``container`` does not contain ``item`` one or more times.</doc>
<status status="PASS" start="2026-05-29T17:47:20.011113" elapsed="0.000000"/>
</kw>
<doc>Attempt to log in without providing credentials. Expect 422.</doc>
<status status="PASS" start="2026-05-29T17:47:20.005110" elapsed="0.006003"/>
</test>
<test id="s1-t3" name="Logged With One Word Password" line="30">
<kw name="Login" owner="api_session">
<kw name="Create Dictionary" owner="BuiltIn">
<msg time="2026-05-29T17:47:20.013111" level="INFO">${body} = {'name': '', 'password': 'a'}</msg>
<var>${body}</var>
<arg>name=${name}</arg>
<arg>password=${password}</arg>
<doc>Creates and returns a dictionary based on the given ``items``.</doc>
<status status="PASS" start="2026-05-29T17:47:20.012112" elapsed="0.000999"/>
</kw>
<kw name="POST On Session" owner="RequestsLibrary">
<msg time="2026-05-29T17:47:20.015114" level="INFO">POST Request : url=http://127.0.0.1:8000/auth/login 
 path_url=/auth/login 
 headers={'User-Agent': 'python-requests/2.34.2', 'Accept-Encoding': 'gzip, deflate', 'Accept': '*/*', 'Connection': 'keep-alive', 'Content-Length': '29', 'Content-Type': 'application/json'} 
 body=b'{"name": "", "password": "a"}' 
 </msg>
<msg time="2026-05-29T17:47:20.016112" level="INFO">POST Response : url=http://127.0.0.1:8000/auth/login 
 status=422, reason=Unprocessable Entity 
 headers={'date': 'Fri, 29 May 2026 15:47:19 GMT', 'server': 'uvicorn', 'content-length': '144', 'content-type': 'application/json'} 
 body={"detail":[{"type":"string_too_short","loc":["body","name"],"msg":"String should have at least 1 character","input":"","ctx":{"min_length":1}}]} 
 </msg>
<msg time="2026-05-29T17:47:20.016112" level="INFO">${response} = &lt;Response [422]&gt;</msg>
<var>${response}</var>
<arg>${API_SESSION}</arg>
<arg>/auth/login</arg>
<arg>json=${body}</arg>
<arg>expected_status=any</arg>
<doc>Sends a POST request on a previously created HTTP Session.</doc>
<status status="PASS" start="2026-05-29T17:47:20.013111" elapsed="0.003001"/>
</kw>
<return>
<value>${response}</value>
<status status="PASS" start="2026-05-29T17:47:20.016112" elapsed="0.000000"/>
</return>
<msg time="2026-05-29T17:47:20.016112" level="INFO">${response} = &lt;Response [422]&gt;</msg>
<var>${response}</var>
<arg>name=${EMPTY}</arg>
<arg>password=a</arg>
<doc>POST /auth/login — name+password (FR-A4).</doc>
<status status="PASS" start="2026-05-29T17:47:20.012112" elapsed="0.004000"/>
</kw>
<kw name="Should Be True" owner="BuiltIn">
<arg>${response.status_code} == 422</arg>
<doc>Fails if the given condition is not true.</doc>
<status status="PASS" start="2026-05-29T17:47:20.016112" elapsed="0.000999"/>
</kw>
<variable name="${json}">
<msg time="2026-05-29T17:47:20.017111" level="INFO">${json} = {'detail': [{'type': 'string_too_short', 'loc': ['body', 'name'], 'msg': 'String should have at least 1 character', 'input': '', 'ctx': {'min_length': 1}}]}</msg>
<var>${response.json()}</var>
<status status="PASS" start="2026-05-29T17:47:20.017111" elapsed="0.000000"/>
</variable>
<kw name="Dictionary Should Contain Key" owner="Collections">
<arg>${json}</arg>
<arg>detail</arg>
<doc>Fails if ``key`` is not found from ``dictionary``.</doc>
<status status="PASS" start="2026-05-29T17:47:20.018110" elapsed="0.000000"/>
</kw>
<kw name="Should Contain" owner="BuiltIn">
<arg>${response.text}</arg>
<arg>String should have at least 1 character</arg>
<doc>Fails if ``container`` does not contain ``item`` one or more times.</doc>
<status status="PASS" start="2026-05-29T17:47:20.018110" elapsed="0.000000"/>
</kw>
<doc>Attempt to log in with a password that doesn't meet complexity requirements. Expect 422.</doc>
<status status="PASS" start="2026-05-29T17:47:20.012112" elapsed="0.006998"/>
</test>
<test id="s1-t4" name="Logged With Correct Name But Wrong Password" line="38">
<kw name="Login" owner="api_session">
<kw name="Create Dictionary" owner="BuiltIn">
<msg time="2026-05-29T17:47:20.020110" level="INFO">${body} = {'name': 'admin', 'password': 'wrong-password'}</msg>
<var>${body}</var>
<arg>name=${name}</arg>
<arg>password=${password}</arg>
<doc>Creates and returns a dictionary based on the given ``items``.</doc>
<status status="PASS" start="2026-05-29T17:47:20.020110" elapsed="0.000000"/>
</kw>
<kw name="POST On Session" owner="RequestsLibrary">
<msg time="2026-05-29T17:47:20.079837" level="INFO">POST Request : url=http://127.0.0.1:8000/auth/login 
 path_url=/auth/login 
 headers={'User-Agent': 'python-requests/2.34.2', 'Accept-Encoding': 'gzip, deflate', 'Accept': '*/*', 'Connection': 'keep-alive', 'Content-Length': '47', 'Content-Type': 'application/json'} 
 body=b'{"name": "admin", "password": "wrong-password"}' 
 </msg>
<msg time="2026-05-29T17:47:20.080840" level="INFO">POST Response : url=http://127.0.0.1:8000/auth/login 
 status=401, reason=Unauthorized 
 headers={'date': 'Fri, 29 May 2026 15:47:19 GMT', 'server': 'uvicorn', 'content-length': '32', 'content-type': 'application/json'} 
 body={"detail":"Invalid credentials"} 
 </msg>
<msg time="2026-05-29T17:47:20.080840" level="INFO">${response} = &lt;Response [401]&gt;</msg>
<var>${response}</var>
<arg>${API_SESSION}</arg>
<arg>/auth/login</arg>
<arg>json=${body}</arg>
<arg>expected_status=any</arg>
<doc>Sends a POST request on a previously created HTTP Session.</doc>
<status status="PASS" start="2026-05-29T17:47:20.020110" elapsed="0.060730"/>
</kw>
<return>
<value>${response}</value>
<status status="PASS" start="2026-05-29T17:47:20.080840" elapsed="0.000000"/>
</return>
<msg time="2026-05-29T17:47:20.080840" level="INFO">${response} = &lt;Response [401]&gt;</msg>
<var>${response}</var>
<arg>name=admin</arg>
<arg>password=wrong-password</arg>
<doc>POST /auth/login — name+password (FR-A4).</doc>
<status status="PASS" start="2026-05-29T17:47:20.019110" elapsed="0.061730"/>
</kw>
<kw name="Should Be True" owner="BuiltIn">
<arg>${response.status_code} == 401</arg>
<doc>Fails if the given condition is not true.</doc>
<status status="PASS" start="2026-05-29T17:47:20.080840" elapsed="0.000997"/>
</kw>
<variable name="${json}">
<msg time="2026-05-29T17:47:20.082837" level="INFO">${json} = {'detail': 'Invalid credentials'}</msg>
<var>${response.json()}</var>
<status status="PASS" start="2026-05-29T17:47:20.081837" elapsed="0.001000"/>
</variable>
<kw name="Dictionary Should Contain Key" owner="Collections">
<arg>${json}</arg>
<arg>detail</arg>
<doc>Fails if ``key`` is not found from ``dictionary``.</doc>
<status status="PASS" start="2026-05-29T17:47:20.082837" elapsed="0.000000"/>
</kw>
<kw name="Dictionary Should Contain Value" owner="Collections">
<arg>${json}</arg>
<arg>Invalid credentials</arg>
<doc>Fails if ``value`` is not found from ``dictionary``.</doc>
<status status="PASS" start="2026-05-29T17:47:20.082837" elapsed="0.000000"/>
</kw>
<doc>Attempt to log in with a correct name but wrong password. Expect 401.</doc>
<status status="PASS" start="2026-05-29T17:47:20.019110" elapsed="0.064728"/>
</test>
<test id="s1-t5" name="Create Dish With Max Length Name" line="46">
<kw name="Generate Random String" owner="String">
<msg time="2026-05-29T17:47:20.083838" level="INFO">${long_name} = A9FLc5aBawEaW52XZ1fn1KieLrTbtuTKcls9XQuHRXZKhmT9GEWCfDDvnsIFe5x17nZyAy5JO1NWyJbEgYOLB69m7aCjFaHSf0w9hQECQ2LWroJe8GpIbNa7R5Ze179OFBL7ZqrJBeJxZqfusuguFMETgwIkXqapRHRiqur5Uoncup9E8xcQWHBN9o0slXjYzDfFg67A...</msg>
<var>${long_name}</var>
<arg>256</arg>
<doc>Generates a string with a desired ``length`` from the given ``chars``.</doc>
<status status="PASS" start="2026-05-29T17:47:20.083838" elapsed="0.000998"/>
</kw>
<kw name="Login As Admin" owner="api_session">
<kw name="Login" owner="api_session">
<kw name="Create Dictionary" owner="BuiltIn">
<msg time="2026-05-29T17:47:20.084836" level="INFO">${body} = {'name': 'admin', 'password': 'change-me-strong-admin-password'}</msg>
<var>${body}</var>
<arg>name=${name}</arg>
<arg>password=${password}</arg>
<doc>Creates and returns a dictionary based on the given ``items``.</doc>
<status status="PASS" start="2026-05-29T17:47:20.084836" elapsed="0.000000"/>
</kw>
<kw name="POST On Session" owner="RequestsLibrary">
<msg time="2026-05-29T17:47:20.143461" level="INFO">POST Request : url=http://127.0.0.1:8000/auth/login 
 path_url=/auth/login 
 headers={'User-Agent': 'python-requests/2.34.2', 'Accept-Encoding': 'gzip, deflate', 'Accept': '*/*', 'Connection': 'keep-alive', 'Content-Length': '64', 'Content-Type': 'application/json'} 
 body=b'{"name": "admin", "password": "change-me-strong-admin-password"}' 
 </msg>
<msg time="2026-05-29T17:47:20.143461" level="INFO">POST Response : url=http://127.0.0.1:8000/auth/login 
 status=200, reason=OK 
 headers={'date': 'Fri, 29 May 2026 15:47:19 GMT', 'server': 'uvicorn', 'content-length': '39', 'content-type': 'application/json', 'set-cookie': 'jidelnicek_session=1.vrB3s2C5puX6AT_d3mgXEjif-0k7sPdnuLtjQatYmW4; HttpOnly; Max-Age=1209600; Path=/; SameSite=lax'} 
 body={"id":1,"name":"admin","is_admin":true} 
 </msg>
<msg time="2026-05-29T17:47:20.144461" level="INFO">${response} = &lt;Response [200]&gt;</msg>
<var>${response}</var>
<arg>${API_SESSION}</arg>
<arg>/auth/login</arg>
<arg>json=${body}</arg>
<arg>expected_status=any</arg>
<doc>Sends a POST request on a previously created HTTP Session.</doc>
<status status="PASS" start="2026-05-29T17:47:20.084836" elapsed="0.059625"/>
</kw>
<return>
<value>${response}</value>
<status status="PASS" start="2026-05-29T17:47:20.144461" elapsed="0.000000"/>
</return>
<msg time="2026-05-29T17:47:20.144461" level="INFO">${response} = &lt;Response [200]&gt;</msg>
<var>${response}</var>
<arg>name=admin</arg>
<arg>password=change-me-strong-admin-password</arg>
<doc>POST /auth/login — name+password (FR-A4).</doc>
<status status="PASS" start="2026-05-29T17:47:20.084836" elapsed="0.059625"/>
</kw>
<return>
<value>${response}</value>
<status status="PASS" start="2026-05-29T17:47:20.144461" elapsed="0.000000"/>
</return>
<status status="PASS" start="2026-05-29T17:47:20.084836" elapsed="0.060628"/>
</kw>
<kw name="Create Dish" owner="api_session">
<kw name="Create Dictionary" owner="BuiltIn">
<msg time="2026-05-29T17:47:20.146461" level="INFO">${body} = {'week_id': '1', 'name': 'A9FLc5aBawEaW52XZ1fn1KieLrTbtuTKcls9XQuHRXZKhmT9GEWCfDDvnsIFe5x17nZyAy5JO1NWyJbEgYOLB69m7aCjFaHSf0w9hQECQ2LWroJe8GpIbNa7R5Ze179OFBL7ZqrJBeJxZqfusuguFMETgwIkXqapRHRiqur5Uoncup...</msg>
<var>${body}</var>
<arg>week_id=${week_id}</arg>
<arg>name=${name}</arg>
<arg>start_date=${start_date}</arg>
<arg>end_date=${end_date}</arg>
<doc>Creates and returns a dictionary based on the given ``items``.</doc>
<status status="PASS" start="2026-05-29T17:47:20.145464" elapsed="0.000997"/>
</kw>
<kw name="POST On Session" owner="RequestsLibrary">
<msg time="2026-05-29T17:47:20.154973" level="INFO">POST Request : url=http://127.0.0.1:8000/dishes 
 path_url=/dishes 
 headers={'User-Agent': 'python-requests/2.34.2', 'Accept-Encoding': 'gzip, deflate', 'Accept': '*/*', 'Connection': 'keep-alive', 'Cookie': 'jidelnicek_session=1.vrB3s2C5puX6AT_d3mgXEjif-0k7sPdnuLtjQatYmW4', 'Content-Length': '338', 'Content-Type': 'application/json'} 
 body=b'{"week_id": "1", "name": "A9FLc5aBawEaW52XZ1fn1KieLrTbtuTKcls9XQuHRXZKhmT9GEWCfDDvnsIFe5x17nZyAy5JO1NWyJbEgYOLB69m7aCjFaHSf0w9hQECQ2LWroJe8GpIbNa7R5Ze179OFBL7ZqrJBeJxZqfusuguFMETgwIkXqapRHRiqur5Uoncup9E8xcQWHBN9o0slXjYzDfFg67AYviQQh9BIysqZtjkyPFum051GL6GHeAgqDYgC1oBOaZjvXQgcw3zhh1t", "start_date": "2026-05-29", "end_date": "2026-06-01"}' 
 </msg>
<msg time="2026-05-29T17:47:20.154973" level="INFO">POST Response : url=http://127.0.0.1:8000/dishes 
 status=422, reason=Unprocessable Entity 
 headers={'date': 'Fri, 29 May 2026 15:47:19 GMT', 'server': 'uvicorn', 'content-length': '403', 'content-type': 'application/json'} 
 body={"detail":[{"type":"string_too_long","loc":["body","name"],"msg":"String should have at most 200 characters","input":"A9FLc5aBawEaW52XZ1fn1KieLrTbtuTKcls9XQuHRXZKhmT9GEWCfDDvnsIFe5x17nZyAy5JO1NWyJbEgYOLB69m7aCjFaHSf0w9hQECQ2LWroJe8GpIbNa7R5Ze179OFBL7ZqrJBeJxZqfusuguFMETgwIkXqapRHRiqur5Uoncup9E8xcQWHBN9o0slXjYzDfFg67AYviQQh9BIysqZtjkyPFum051GL6GHeAgqDYgC1oBOaZjvXQgcw3zhh1t","ctx":{"max_length":200}}]} 
 </msg>
<msg time="2026-05-29T17:47:20.154973" level="INFO">${response} = &lt;Response [422]&gt;</msg>
<var>${response}</var>
<arg>${API_SESSION}</arg>
<arg>/dishes</arg>
<arg>json=${body}</arg>
<arg>expected_status=any</arg>
<doc>Sends a POST request on a previously created HTTP Session.</doc>
<status status="PASS" start="2026-05-29T17:47:20.146461" elapsed="0.008512"/>
</kw>
<return>
<value>${response}</value>
<status status="PASS" start="2026-05-29T17:47:20.154973" elapsed="0.000000"/>
</return>
<msg time="2026-05-29T17:47:20.155974" level="INFO">${response} = &lt;Response [422]&gt;</msg>
<var>${response}</var>
<arg>week_id=1</arg>
<arg>name=${long_name}</arg>
<arg>start_date=2026-05-29</arg>
<arg>end_date=2026-06-01</arg>
<doc>POST /dishes — admin or week chooser creates a dish (FR-D1).
Used to SEED a dish (known block) before driving the signup UI.</doc>
<status status="PASS" start="2026-05-29T17:47:20.145464" elapsed="0.010510"/>
</kw>
<kw name="Should Be True" owner="BuiltIn">
<arg>${response.status_code} == 422</arg>
<doc>Fails if the given condition is not true.</doc>
<status status="PASS" start="2026-05-29T17:47:20.155974" elapsed="0.001000"/>
</kw>
<variable name="${json}">
<msg time="2026-05-29T17:47:20.156974" level="INFO">${json} = {'detail': [{'type': 'string_too_long', 'loc': ['body', 'name'], 'msg': 'String should have at most 200 characters', 'input': 'A9FLc5aBawEaW52XZ1fn1KieLrTbtuTKcls9XQuHRXZKhmT9GEWCfDDvnsIFe5x17nZyAy5JO...</msg>
<var>${response.json()}</var>
<status status="PASS" start="2026-05-29T17:47:20.156974" elapsed="0.000000"/>
</variable>
<kw name="Dictionary Should Contain Key" owner="Collections">
<arg>${json}</arg>
<arg>detail</arg>
<doc>Fails if ``key`` is not found from ``dictionary``.</doc>
<status status="PASS" start="2026-05-29T17:47:20.157973" elapsed="0.000000"/>
</kw>
<kw name="Should Contain" owner="BuiltIn">
<arg>${response.text}</arg>
<arg>String should have at most 200 characters</arg>
<doc>Fails if ``container`` does not contain ``item`` one or more times.</doc>
<status status="PASS" start="2026-05-29T17:47:20.157973" elapsed="0.001002"/>
</kw>
<doc>Attempt to create a dish with a name that exceeds the maximum length. Expect 422.</doc>
<status status="PASS" start="2026-05-29T17:47:20.083838" elapsed="0.075137"/>
</test>
<test id="s1-t6" name="Create Dish Without Authorization" line="56">
<kw name="Create API Session" owner="api_session" type="SETUP">
<kw name="Create Session" owner="RequestsLibrary">
<msg time="2026-05-29T17:47:20.159976" level="INFO">Creating Session using : alias=jidelnicek, url=http://127.0.0.1:8000, headers={},                     cookies={}, auth=None, timeout=None, proxies=None, verify=False,                     debug=0 </msg>
<arg>${API_SESSION}</arg>
<arg>${API_BASE_URL}</arg>
<doc>Create Session: create a HTTP session to a server</doc>
<status status="PASS" start="2026-05-29T17:47:20.159976" elapsed="0.000000"/>
</kw>
<doc>A persistent requests Session so httpOnly session cookies
survive across calls (login → protected call → logout).</doc>
<status status="PASS" start="2026-05-29T17:47:20.159976" elapsed="0.000000"/>
</kw>
<kw name="Create Dish" owner="api_session">
<kw name="Create Dictionary" owner="BuiltIn">
<msg time="2026-05-29T17:47:20.162976" level="INFO">${body} = {'week_id': '1', 'name': 'Test Dish', 'start_date': '2026-05-29', 'end_date': '2026-06-01'}</msg>
<var>${body}</var>
<arg>week_id=${week_id}</arg>
<arg>name=${name}</arg>
<arg>start_date=${start_date}</arg>
<arg>end_date=${end_date}</arg>
<doc>Creates and returns a dictionary based on the given ``items``.</doc>
<status status="PASS" start="2026-05-29T17:47:20.161974" elapsed="0.001002"/>
</kw>
<kw name="POST On Session" owner="RequestsLibrary">
<msg time="2026-05-29T17:47:20.166976" level="INFO">POST Request : url=http://127.0.0.1:8000/dishes 
 path_url=/dishes 
 headers={'User-Agent': 'python-requests/2.34.2', 'Accept-Encoding': 'gzip, deflate', 'Accept': '*/*', 'Connection': 'keep-alive', 'Content-Length': '91', 'Content-Type': 'application/json'} 
 body=b'{"week_id": "1", "name": "Test Dish", "start_date": "2026-05-29", "end_date": "2026-06-01"}' 
 </msg>
<msg time="2026-05-29T17:47:20.166976" level="INFO">POST Response : url=http://127.0.0.1:8000/dishes 
 status=401, reason=Unauthorized 
 headers={'date': 'Fri, 29 May 2026 15:47:19 GMT', 'server': 'uvicorn', 'content-length': '30', 'content-type': 'application/json'} 
 body={"detail":"Not authenticated"} 
 </msg>
<msg time="2026-05-29T17:47:20.166976" level="INFO">${response} = &lt;Response [401]&gt;</msg>
<var>${response}</var>
<arg>${API_SESSION}</arg>
<arg>/dishes</arg>
<arg>json=${body}</arg>
<arg>expected_status=any</arg>
<doc>Sends a POST request on a previously created HTTP Session.</doc>
<status status="PASS" start="2026-05-29T17:47:20.162976" elapsed="0.004000"/>
</kw>
<return>
<value>${response}</value>
<status status="PASS" start="2026-05-29T17:47:20.166976" elapsed="0.000000"/>
</return>
<msg time="2026-05-29T17:47:20.166976" level="INFO">${response} = &lt;Response [401]&gt;</msg>
<var>${response}</var>
<arg>week_id=1</arg>
<arg>name=${dish_name}</arg>
<arg>start_date=2026-05-29</arg>
<arg>end_date=2026-06-01</arg>
<doc>POST /dishes — admin or week chooser creates a dish (FR-D1).
Used to SEED a dish (known block) before driving the signup UI.</doc>
<status status="PASS" start="2026-05-29T17:47:20.159976" elapsed="0.007000"/>
</kw>
<kw name="Should Be True" owner="BuiltIn">
<arg>${response.status_code} == 401</arg>
<doc>Fails if the given condition is not true.</doc>
<status status="PASS" start="2026-05-29T17:47:20.167975" elapsed="0.000000"/>
</kw>
<variable name="${json}">
<msg time="2026-05-29T17:47:20.168974" level="INFO">${json} = {'detail': 'Not authenticated'}</msg>
<var>${response.json()}</var>
<status status="PASS" start="2026-05-29T17:47:20.168974" elapsed="0.000000"/>
</variable>
<kw name="Dictionary Should Contain Key" owner="Collections">
<arg>${json}</arg>
<arg>detail</arg>
<doc>Fails if ``key`` is not found from ``dictionary``.</doc>
<status status="PASS" start="2026-05-29T17:47:20.168974" elapsed="0.000000"/>
</kw>
<kw name="Dictionary Should Contain Value" owner="Collections">
<arg>${json}</arg>
<arg>Not authenticated</arg>
<doc>Fails if ``value`` is not found from ``dictionary``.</doc>
<status status="PASS" start="2026-05-29T17:47:20.168974" elapsed="0.000000"/>
</kw>
<doc>Attempt to create a dish without being logged in. Expect 401.</doc>
<status status="PASS" start="2026-05-29T17:47:20.158975" elapsed="0.010998"/>
</test>
<test id="s1-t7" name="Name Length Validation Empty Name" line="65">
<kw name="Login As Admin" owner="api_session">
<kw name="Login" owner="api_session">
<kw name="Create Dictionary" owner="BuiltIn">
<msg time="2026-05-29T17:47:20.170973" level="INFO">${body} = {'name': 'admin', 'password': 'change-me-strong-admin-password'}</msg>
<var>${body}</var>
<arg>name=${name}</arg>
<arg>password=${password}</arg>
<doc>Creates and returns a dictionary based on the given ``items``.</doc>
<status status="PASS" start="2026-05-29T17:47:20.170973" elapsed="0.000000"/>
</kw>
<kw name="POST On Session" owner="RequestsLibrary">
<msg time="2026-05-29T17:47:20.231508" level="INFO">POST Request : url=http://127.0.0.1:8000/auth/login 
 path_url=/auth/login 
 headers={'User-Agent': 'python-requests/2.34.2', 'Accept-Encoding': 'gzip, deflate', 'Accept': '*/*', 'Connection': 'keep-alive', 'Content-Length': '64', 'Content-Type': 'application/json'} 
 body=b'{"name": "admin", "password": "change-me-strong-admin-password"}' 
 </msg>
<msg time="2026-05-29T17:47:20.231508" level="INFO">POST Response : url=http://127.0.0.1:8000/auth/login 
 status=200, reason=OK 
 headers={'date': 'Fri, 29 May 2026 15:47:19 GMT', 'server': 'uvicorn', 'content-length': '39', 'content-type': 'application/json', 'set-cookie': 'jidelnicek_session=1.vrB3s2C5puX6AT_d3mgXEjif-0k7sPdnuLtjQatYmW4; HttpOnly; Max-Age=1209600; Path=/; SameSite=lax'} 
 body={"id":1,"name":"admin","is_admin":true} 
 </msg>
<msg time="2026-05-29T17:47:20.232508" level="INFO">${response} = &lt;Response [200]&gt;</msg>
<var>${response}</var>
<arg>${API_SESSION}</arg>
<arg>/auth/login</arg>
<arg>json=${body}</arg>
<arg>expected_status=any</arg>
<doc>Sends a POST request on a previously created HTTP Session.</doc>
<status status="PASS" start="2026-05-29T17:47:20.170973" elapsed="0.061535"/>
</kw>
<return>
<value>${response}</value>
<status status="PASS" start="2026-05-29T17:47:20.232508" elapsed="0.000000"/>
</return>
<msg time="2026-05-29T17:47:20.232508" level="INFO">${response} = &lt;Response [200]&gt;</msg>
<var>${response}</var>
<arg>name=admin</arg>
<arg>password=change-me-strong-admin-password</arg>
<doc>POST /auth/login — name+password (FR-A4).</doc>
<status status="PASS" start="2026-05-29T17:47:20.169973" elapsed="0.062535"/>
</kw>
<return>
<value>${response}</value>
<status status="PASS" start="2026-05-29T17:47:20.232508" elapsed="0.000000"/>
</return>
<status status="PASS" start="2026-05-29T17:47:20.169973" elapsed="0.062535"/>
</kw>
<kw name="Create Dish" owner="api_session">
<kw name="Create Dictionary" owner="BuiltIn">
<msg time="2026-05-29T17:47:20.234508" level="INFO">${body} = {'week_id': '1', 'name': '', 'start_date': '2026-05-29', 'end_date': '2026-06-01'}</msg>
<var>${body}</var>
<arg>week_id=${week_id}</arg>
<arg>name=${name}</arg>
<arg>start_date=${start_date}</arg>
<arg>end_date=${end_date}</arg>
<doc>Creates and returns a dictionary based on the given ``items``.</doc>
<status status="PASS" start="2026-05-29T17:47:20.233510" elapsed="0.000998"/>
</kw>
<kw name="POST On Session" owner="RequestsLibrary">
<msg time="2026-05-29T17:47:20.240509" level="INFO">POST Request : url=http://127.0.0.1:8000/dishes 
 path_url=/dishes 
 headers={'User-Agent': 'python-requests/2.34.2', 'Accept-Encoding': 'gzip, deflate', 'Accept': '*/*', 'Connection': 'keep-alive', 'Cookie': 'jidelnicek_session=1.vrB3s2C5puX6AT_d3mgXEjif-0k7sPdnuLtjQatYmW4', 'Content-Length': '82', 'Content-Type': 'application/json'} 
 body=b'{"week_id": "1", "name": "", "start_date": "2026-05-29", "end_date": "2026-06-01"}' 
 </msg>
<msg time="2026-05-29T17:47:20.240509" level="INFO">POST Response : url=http://127.0.0.1:8000/dishes 
 status=422, reason=Unprocessable Entity 
 headers={'date': 'Fri, 29 May 2026 15:47:19 GMT', 'server': 'uvicorn', 'content-length': '144', 'content-type': 'application/json'} 
 body={"detail":[{"type":"string_too_short","loc":["body","name"],"msg":"String should have at least 1 character","input":"","ctx":{"min_length":1}}]} 
 </msg>
<msg time="2026-05-29T17:47:20.240509" level="INFO">${response} = &lt;Response [422]&gt;</msg>
<var>${response}</var>
<arg>${API_SESSION}</arg>
<arg>/dishes</arg>
<arg>json=${body}</arg>
<arg>expected_status=any</arg>
<doc>Sends a POST request on a previously created HTTP Session.</doc>
<status status="PASS" start="2026-05-29T17:47:20.234508" elapsed="0.006001"/>
</kw>
<return>
<value>${response}</value>
<status status="PASS" start="2026-05-29T17:47:20.240509" elapsed="0.000000"/>
</return>
<msg time="2026-05-29T17:47:20.241510" level="INFO">${response} = &lt;Response [422]&gt;</msg>
<var>${response}</var>
<arg>week_id=1</arg>
<arg>name=${EMPTY}</arg>
<arg>start_date=2026-05-29</arg>
<arg>end_date=2026-06-01</arg>
<doc>POST /dishes — admin or week chooser creates a dish (FR-D1).
Used to SEED a dish (known block) before driving the signup UI.</doc>
<status status="PASS" start="2026-05-29T17:47:20.233510" elapsed="0.008000"/>
</kw>
<kw name="Should Be True" owner="BuiltIn">
<arg>${response.status_code} == 422</arg>
<doc>Fails if the given condition is not true.</doc>
<status status="PASS" start="2026-05-29T17:47:20.241510" elapsed="0.000999"/>
</kw>
<variable name="${json}">
<msg time="2026-05-29T17:47:20.242509" level="INFO">${json} = {'detail': [{'type': 'string_too_short', 'loc': ['body', 'name'], 'msg': 'String should have at least 1 character', 'input': '', 'ctx': {'min_length': 1}}]}</msg>
<var>${response.json()}</var>
<status status="PASS" start="2026-05-29T17:47:20.242509" elapsed="0.000000"/>
</variable>
<kw name="Dictionary Should Contain Key" owner="Collections">
<arg>${json}</arg>
<arg>detail</arg>
<doc>Fails if ``key`` is not found from ``dictionary``.</doc>
<status status="PASS" start="2026-05-29T17:47:20.242509" elapsed="0.000000"/>
</kw>
<kw name="Should Contain" owner="BuiltIn">
<arg>${response.text}</arg>
<arg>String should have at least 1 character</arg>
<doc>Fails if ``container`` does not contain ``item`` one or more times.</doc>
<status status="PASS" start="2026-05-29T17:47:20.242509" elapsed="0.000999"/>
</kw>
<doc>Attempt to create a dish with an empty name. Expect 422.</doc>
<status status="PASS" start="2026-05-29T17:47:20.169973" elapsed="0.073535"/>
</test>
<test id="s1-t8" name="Incorrect date formats Invalid date" line="74">
<kw name="Login As Admin" owner="api_session">
<kw name="Login" owner="api_session">
<kw name="Create Dictionary" owner="BuiltIn">
<msg time="2026-05-29T17:47:20.244508" level="INFO">${body} = {'name': 'admin', 'password': 'change-me-strong-admin-password'}</msg>
<var>${body}</var>
<arg>name=${name}</arg>
<arg>password=${password}</arg>
<doc>Creates and returns a dictionary based on the given ``items``.</doc>
<status status="PASS" start="2026-05-29T17:47:20.244508" elapsed="0.000000"/>
</kw>
<kw name="POST On Session" owner="RequestsLibrary">
<msg time="2026-05-29T17:47:20.303911" level="INFO">POST Request : url=http://127.0.0.1:8000/auth/login 
 path_url=/auth/login 
 headers={'User-Agent': 'python-requests/2.34.2', 'Accept-Encoding': 'gzip, deflate', 'Accept': '*/*', 'Connection': 'keep-alive', 'Cookie': 'jidelnicek_session=1.vrB3s2C5puX6AT_d3mgXEjif-0k7sPdnuLtjQatYmW4', 'Content-Length': '64', 'Content-Type': 'application/json'} 
 body=b'{"name": "admin", "password": "change-me-strong-admin-password"}' 
 </msg>
<msg time="2026-05-29T17:47:20.303911" level="INFO">POST Response : url=http://127.0.0.1:8000/auth/login 
 status=200, reason=OK 
 headers={'date': 'Fri, 29 May 2026 15:47:19 GMT', 'server': 'uvicorn', 'content-length': '39', 'content-type': 'application/json', 'set-cookie': 'jidelnicek_session=1.vrB3s2C5puX6AT_d3mgXEjif-0k7sPdnuLtjQatYmW4; HttpOnly; Max-Age=1209600; Path=/; SameSite=lax'} 
 body={"id":1,"name":"admin","is_admin":true} 
 </msg>
<msg time="2026-05-29T17:47:20.303911" level="INFO">${response} = &lt;Response [200]&gt;</msg>
<var>${response}</var>
<arg>${API_SESSION}</arg>
<arg>/auth/login</arg>
<arg>json=${body}</arg>
<arg>expected_status=any</arg>
<doc>Sends a POST request on a previously created HTTP Session.</doc>
<status status="PASS" start="2026-05-29T17:47:20.244508" elapsed="0.059403"/>
</kw>
<return>
<value>${response}</value>
<status status="PASS" start="2026-05-29T17:47:20.303911" elapsed="0.001006"/>
</return>
<msg time="2026-05-29T17:47:20.304917" level="INFO">${response} = &lt;Response [200]&gt;</msg>
<var>${response}</var>
<arg>name=admin</arg>
<arg>password=change-me-strong-admin-password</arg>
<doc>POST /auth/login — name+password (FR-A4).</doc>
<status status="PASS" start="2026-05-29T17:47:20.244508" elapsed="0.060409"/>
</kw>
<return>
<value>${response}</value>
<status status="PASS" start="2026-05-29T17:47:20.304917" elapsed="0.000000"/>
</return>
<status status="PASS" start="2026-05-29T17:47:20.244508" elapsed="0.060409"/>
</kw>
<kw name="Create Dish" owner="api_session">
<kw name="Create Dictionary" owner="BuiltIn">
<msg time="2026-05-29T17:47:20.305915" level="INFO">${body} = {'week_id': '1', 'name': 'Test Dish', 'start_date': '2026-05-32', 'end_date': '2026-06-01'}</msg>
<var>${body}</var>
<arg>week_id=${week_id}</arg>
<arg>name=${name}</arg>
<arg>start_date=${start_date}</arg>
<arg>end_date=${end_date}</arg>
<doc>Creates and returns a dictionary based on the given ``items``.</doc>
<status status="PASS" start="2026-05-29T17:47:20.304917" elapsed="0.000998"/>
</kw>
<kw name="POST On Session" owner="RequestsLibrary">
<msg time="2026-05-29T17:47:20.310918" level="INFO">POST Request : url=http://127.0.0.1:8000/dishes 
 path_url=/dishes 
 headers={'User-Agent': 'python-requests/2.34.2', 'Accept-Encoding': 'gzip, deflate', 'Accept': '*/*', 'Connection': 'keep-alive', 'Cookie': 'jidelnicek_session=1.vrB3s2C5puX6AT_d3mgXEjif-0k7sPdnuLtjQatYmW4', 'Content-Length': '91', 'Content-Type': 'application/json'} 
 body=b'{"week_id": "1", "name": "Test Dish", "start_date": "2026-05-32", "end_date": "2026-06-01"}' 
 </msg>
<msg time="2026-05-29T17:47:20.310918" level="INFO">POST Response : url=http://127.0.0.1:8000/dishes 
 status=422, reason=Unprocessable Entity 
 headers={'date': 'Fri, 29 May 2026 15:47:19 GMT', 'server': 'uvicorn', 'content-length': '239', 'content-type': 'application/json'} 
 body={"detail":[{"type":"date_from_datetime_parsing","loc":["body","start_date"],"msg":"Input should be a valid date or datetime, day value is outside expected range","input":"2026-05-32","ctx":{"error":"day value is outside expected range"}}]} 
 </msg>
<msg time="2026-05-29T17:47:20.310918" level="INFO">${response} = &lt;Response [422]&gt;</msg>
<var>${response}</var>
<arg>${API_SESSION}</arg>
<arg>/dishes</arg>
<arg>json=${body}</arg>
<arg>expected_status=any</arg>
<doc>Sends a POST request on a previously created HTTP Session.</doc>
<status status="PASS" start="2026-05-29T17:47:20.305915" elapsed="0.005003"/>
</kw>
<return>
<value>${response}</value>
<status status="PASS" start="2026-05-29T17:47:20.310918" elapsed="0.000000"/>
</return>
<msg time="2026-05-29T17:47:20.310918" level="INFO">${response} = &lt;Response [422]&gt;</msg>
<var>${response}</var>
<arg>week_id=1</arg>
<arg>name=${dish_name}</arg>
<arg>start_date=2026-05-32</arg>
<arg>end_date=2026-06-01</arg>
<doc>POST /dishes — admin or week chooser creates a dish (FR-D1).
Used to SEED a dish (known block) before driving the signup UI.</doc>
<status status="PASS" start="2026-05-29T17:47:20.304917" elapsed="0.006001"/>
</kw>
<kw name="Should Be True" owner="BuiltIn">
<arg>${response.status_code} == 422</arg>
<doc>Fails if the given condition is not true.</doc>
<status status="PASS" start="2026-05-29T17:47:20.311916" elapsed="0.000000"/>
</kw>
<variable name="${json}">
<msg time="2026-05-29T17:47:20.312915" level="INFO">${json} = {'detail': [{'type': 'date_from_datetime_parsing', 'loc': ['body', 'start_date'], 'msg': 'Input should be a valid date or datetime, day value is outside expected range', 'input': '2026-05-32', 'ctx': ...</msg>
<var>${response.json()}</var>
<status status="PASS" start="2026-05-29T17:47:20.311916" elapsed="0.000999"/>
</variable>
<kw name="Dictionary Should Contain Key" owner="Collections">
<arg>${json}</arg>
<arg>detail</arg>
<doc>Fails if ``key`` is not found from ``dictionary``.</doc>
<status status="PASS" start="2026-05-29T17:47:20.312915" elapsed="0.000000"/>
</kw>
<kw name="Should Contain" owner="BuiltIn">
<arg>${response.text}</arg>
<arg>Input should be a valid date or datetime, day value is outside expected range</arg>
<doc>Fails if ``container`` does not contain ``item`` one or more times.</doc>
<status status="PASS" start="2026-05-29T17:47:20.312915" elapsed="0.001002"/>
</kw>
<doc>Attempt to create a dish with incorrectly formatted dates. Expect 422.</doc>
<status status="PASS" start="2026-05-29T17:47:20.243508" elapsed="0.070409"/>
</test>
<test id="s1-t9" name="Missing required field" line="83">
<kw name="Login As Admin" owner="api_session">
<kw name="Login" owner="api_session">
<kw name="Create Dictionary" owner="BuiltIn">
<msg time="2026-05-29T17:47:20.315917" level="INFO">${body} = {'name': 'admin', 'password': 'change-me-strong-admin-password'}</msg>
<var>${body}</var>
<arg>name=${name}</arg>
<arg>password=${password}</arg>
<doc>Creates and returns a dictionary based on the given ``items``.</doc>
<status status="PASS" start="2026-05-29T17:47:20.314918" elapsed="0.000999"/>
</kw>
<kw name="POST On Session" owner="RequestsLibrary">
<msg time="2026-05-29T17:47:20.374434" level="INFO">POST Request : url=http://127.0.0.1:8000/auth/login 
 path_url=/auth/login 
 headers={'User-Agent': 'python-requests/2.34.2', 'Accept-Encoding': 'gzip, deflate', 'Accept': '*/*', 'Connection': 'keep-alive', 'Cookie': 'jidelnicek_session=1.vrB3s2C5puX6AT_d3mgXEjif-0k7sPdnuLtjQatYmW4', 'Content-Length': '64', 'Content-Type': 'application/json'} 
 body=b'{"name": "admin", "password": "change-me-strong-admin-password"}' 
 </msg>
<msg time="2026-05-29T17:47:20.374434" level="INFO">POST Response : url=http://127.0.0.1:8000/auth/login 
 status=200, reason=OK 
 headers={'date': 'Fri, 29 May 2026 15:47:19 GMT', 'server': 'uvicorn', 'content-length': '39', 'content-type': 'application/json', 'set-cookie': 'jidelnicek_session=1.vrB3s2C5puX6AT_d3mgXEjif-0k7sPdnuLtjQatYmW4; HttpOnly; Max-Age=1209600; Path=/; SameSite=lax'} 
 body={"id":1,"name":"admin","is_admin":true} 
 </msg>
<msg time="2026-05-29T17:47:20.374434" level="INFO">${response} = &lt;Response [200]&gt;</msg>
<var>${response}</var>
<arg>${API_SESSION}</arg>
<arg>/auth/login</arg>
<arg>json=${body}</arg>
<arg>expected_status=any</arg>
<doc>Sends a POST request on a previously created HTTP Session.</doc>
<status status="PASS" start="2026-05-29T17:47:20.315917" elapsed="0.058517"/>
</kw>
<return>
<value>${response}</value>
<status status="PASS" start="2026-05-29T17:47:20.374434" elapsed="0.000000"/>
</return>
<msg time="2026-05-29T17:47:20.374434" level="INFO">${response} = &lt;Response [200]&gt;</msg>
<var>${response}</var>
<arg>name=admin</arg>
<arg>password=change-me-strong-admin-password</arg>
<doc>POST /auth/login — name+password (FR-A4).</doc>
<status status="PASS" start="2026-05-29T17:47:20.314918" elapsed="0.059516"/>
</kw>
<return>
<value>${response}</value>
<status status="PASS" start="2026-05-29T17:47:20.374434" elapsed="0.000000"/>
</return>
<status status="PASS" start="2026-05-29T17:47:20.314918" elapsed="0.059516"/>
</kw>
<kw name="Create Dish" owner="api_session">
<kw name="Create Dictionary" owner="BuiltIn">
<msg time="2026-05-29T17:47:20.376431" level="INFO">${body} = {'week_id': '1', 'name': 'Test Dish', 'start_date': '2026-05-29', 'end_date': ''}</msg>
<var>${body}</var>
<arg>week_id=${week_id}</arg>
<arg>name=${name}</arg>
<arg>start_date=${start_date}</arg>
<arg>end_date=${end_date}</arg>
<doc>Creates and returns a dictionary based on the given ``items``.</doc>
<status status="PASS" start="2026-05-29T17:47:20.375432" elapsed="0.000999"/>
</kw>
<kw name="POST On Session" owner="RequestsLibrary">
<msg time="2026-05-29T17:47:20.382432" level="INFO">POST Request : url=http://127.0.0.1:8000/dishes 
 path_url=/dishes 
 headers={'User-Agent': 'python-requests/2.34.2', 'Accept-Encoding': 'gzip, deflate', 'Accept': '*/*', 'Connection': 'keep-alive', 'Cookie': 'jidelnicek_session=1.vrB3s2C5puX6AT_d3mgXEjif-0k7sPdnuLtjQatYmW4', 'Content-Length': '81', 'Content-Type': 'application/json'} 
 body=b'{"week_id": "1", "name": "Test Dish", "start_date": "2026-05-29", "end_date": ""}' 
 </msg>
<msg time="2026-05-29T17:47:20.382432" level="INFO">POST Response : url=http://127.0.0.1:8000/dishes 
 status=422, reason=Unprocessable Entity 
 headers={'date': 'Fri, 29 May 2026 15:47:19 GMT', 'server': 'uvicorn', 'content-length': '193', 'content-type': 'application/json'} 
 body={"detail":[{"type":"date_from_datetime_parsing","loc":["body","end_date"],"msg":"Input should be a valid date or datetime, input is too short","input":"","ctx":{"error":"input is too short"}}]} 
 </msg>
<msg time="2026-05-29T17:47:20.382432" level="INFO">${response} = &lt;Response [422]&gt;</msg>
<var>${response}</var>
<arg>${API_SESSION}</arg>
<arg>/dishes</arg>
<arg>json=${body}</arg>
<arg>expected_status=any</arg>
<doc>Sends a POST request on a previously created HTTP Session.</doc>
<status status="PASS" start="2026-05-29T17:47:20.376431" elapsed="0.006001"/>
</kw>
<return>
<value>${response}</value>
<status status="PASS" start="2026-05-29T17:47:20.382432" elapsed="0.000000"/>
</return>
<msg time="2026-05-29T17:47:20.383433" level="INFO">${response} = &lt;Response [422]&gt;</msg>
<var>${response}</var>
<arg>week_id=1</arg>
<arg>name=${dish_name}</arg>
<arg>start_date=2026-05-29</arg>
<arg>end_date=${EMPTY}</arg>
<doc>POST /dishes — admin or week chooser creates a dish (FR-D1).
Used to SEED a dish (known block) before driving the signup UI.</doc>
<status status="PASS" start="2026-05-29T17:47:20.375432" elapsed="0.008001"/>
</kw>
<kw name="Should Be True" owner="BuiltIn">
<arg>${response.status_code} == 422</arg>
<doc>Fails if the given condition is not true.</doc>
<status status="PASS" start="2026-05-29T17:47:20.383433" elapsed="0.000998"/>
</kw>
<variable name="${json}">
<msg time="2026-05-29T17:47:20.384431" level="INFO">${json} = {'detail': [{'type': 'date_from_datetime_parsing', 'loc': ['body', 'end_date'], 'msg': 'Input should be a valid date or datetime, input is too short', 'input': '', 'ctx': {'error': 'input is too short...</msg>
<var>${response.json()}</var>
<status status="PASS" start="2026-05-29T17:47:20.384431" elapsed="0.000000"/>
</variable>
<kw name="Dictionary Should Contain Key" owner="Collections">
<arg>${json}</arg>
<arg>detail</arg>
<doc>Fails if ``key`` is not found from ``dictionary``.</doc>
<status status="PASS" start="2026-05-29T17:47:20.384431" elapsed="0.000000"/>
</kw>
<kw name="Should Contain" owner="BuiltIn">
<arg>${response.text}</arg>
<arg>Input should be a valid date or datetime, input is too short</arg>
<doc>Fails if ``container`` does not contain ``item`` one or more times.</doc>
<status status="PASS" start="2026-05-29T17:47:20.384431" elapsed="0.001001"/>
</kw>
<doc>Attempt to create a dish without providing all required fields. Expect 422.</doc>
<status status="PASS" start="2026-05-29T17:47:20.313917" elapsed="0.071515"/>
</test>
<test id="s1-t10" name="Unauthorized user" line="92">
<kw name="Create API Session" owner="api_session" type="SETUP">
<kw name="Create Session" owner="RequestsLibrary">
<msg time="2026-05-29T17:47:20.386434" level="INFO">Creating Session using : alias=jidelnicek, url=http://127.0.0.1:8000, headers={},                     cookies={}, auth=None, timeout=None, proxies=None, verify=False,                     debug=0 </msg>
<arg>${API_SESSION}</arg>
<arg>${API_BASE_URL}</arg>
<doc>Create Session: create a HTTP session to a server</doc>
<status status="PASS" start="2026-05-29T17:47:20.386434" elapsed="0.000999"/>
</kw>
<doc>A persistent requests Session so httpOnly session cookies
survive across calls (login → protected call → logout).</doc>
<status status="PASS" start="2026-05-29T17:47:20.386434" elapsed="0.000999"/>
</kw>
<kw name="Login" owner="api_session">
<msg time="2026-05-29T17:47:20.387433" level="FAIL">Environment variable '%{USER2_NAME}' not found. Did you mean:
    %{USERNAME}</msg>
<var>${response}</var>
<arg>name=%{USER2_NAME}</arg>
<arg>password=%{USER2_PASSWORD}</arg>
<doc>POST /auth/login — name+password (FR-A4).</doc>
<status status="FAIL" start="2026-05-29T17:47:20.387433" elapsed="0.000000">Environment variable '%{USER2_NAME}' not found. Did you mean:
    %{USERNAME}</status>
</kw>
<kw name="Should Be True" owner="BuiltIn">
<arg>${response.status_code} == 200</arg>
<arg>msg=Failed to log in as non-admin user</arg>
<doc>Fails if the given condition is not true.</doc>
<status status="NOT RUN" start="2026-05-29T17:47:20.388433" elapsed="0.000000"/>
</kw>
<kw name="Create Dish" owner="api_session">
<var>${response}</var>
<arg>week_id=1</arg>
<arg>name=${dish_name}</arg>
<arg>start_date=2026-05-29</arg>
<arg>end_date=2026-06-01</arg>
<doc>POST /dishes — admin or week chooser creates a dish (FR-D1).
Used to SEED a dish (known block) before driving the signup UI.</doc>
<status status="NOT RUN" start="2026-05-29T17:47:20.388433" elapsed="0.000000"/>
</kw>
<kw name="Should Be True" owner="BuiltIn">
<arg>${response.status_code} == 403</arg>
<doc>Fails if the given condition is not true.</doc>
<status status="NOT RUN" start="2026-05-29T17:47:20.388433" elapsed="0.000000"/>
</kw>
<variable name="${json}">
<var>${response.json()}</var>
<status status="NOT RUN" start="2026-05-29T17:47:20.388433" elapsed="0.000000"/>
</variable>
<kw name="Dictionary Should Contain Key" owner="Collections">
<arg>${json}</arg>
<arg>detail</arg>
<doc>Fails if ``key`` is not found from ``dictionary``.</doc>
<status status="NOT RUN" start="2026-05-29T17:47:20.388433" elapsed="0.000000"/>
</kw>
<kw name="Dictionary Should Contain Value" owner="Collections">
<arg>${json}</arg>
<arg>Not enough permissions</arg>
<doc>Fails if ``value`` is not found from ``dictionary``.</doc>
<status status="NOT RUN" start="2026-05-29T17:47:20.389439" elapsed="0.000000"/>
</kw>
<doc>Attempt to create a dish while logged in as a non-admin user. Expect 403.</doc>
<status status="FAIL" start="2026-05-29T17:47:20.386434" elapsed="0.003005">Environment variable '%{USER2_NAME}' not found. Did you mean:
    %{USERNAME}</status>
</test>
<kw name="Delete API Sessions" owner="api_session" type="TEARDOWN">
<kw name="Delete All Sessions" owner="RequestsLibrary">
<msg time="2026-05-29T17:47:20.390438" level="INFO">Deleting All Sessions</msg>
<doc>Removes all the session objects</doc>
<status status="PASS" start="2026-05-29T17:47:20.390438" elapsed="0.000000"/>
</kw>
<status status="PASS" start="2026-05-29T17:47:20.389439" elapsed="0.000999"/>
</kw>
<status status="FAIL" start="2026-05-29T17:47:18.963354" elapsed="1.427084"/>
</suite>
<statistics>
<total>
<stat pass="9" fail="1" skip="0">All Tests</stat>
</total>
<tag>
</tag>
<suite>
<stat name="Negative 1" id="s1" pass="9" fail="1" skip="0">Negative 1</stat>
</suite>
</statistics>
<errors>
<msg time="2026-05-29T17:47:19.002365" level="ERROR">Error in file 'C:\Users\stoka\Documents\jidelnicek\tests\acceptance\suites\negative_1.robot' on line 3: Importing library 'Dotenv' failed: ModuleNotFoundError: No module named 'Dotenv'
Traceback (most recent call last):
  None
PYTHONPATH:
  C:\Users\stoka\Documents\jidelnicek\.venv\Scripts\robot.exe
  C:\Users\stoka\AppData\Roaming\uv\python\cpython-3.12.12-windows-x86_64-none\python312.zip
  C:\Users\stoka\AppData\Roaming\uv\python\cpython-3.12.12-windows-x86_64-none\DLLs
  C:\Users\stoka\AppData\Roaming\uv\python\cpython-3.12.12-windows-x86_64-none\Lib
  C:\Users\stoka\AppData\Roaming\uv\python\cpython-3.12.12-windows-x86_64-none
  C:\Users\stoka\Documents\jidelnicek\.venv
  C:\Users\stoka\Documents\jidelnicek\.venv\Lib\site-packages
  C:\Users\stoka\Documents\jidelnicek</msg>
<msg time="2026-05-29T17:47:19.988558" level="WARN">Balíček 'zhipuai' není nainstalován. AI generování přes Zhipu AI nebude dostupné.</msg>
</errors>
</robot>
